
> back@1.0.0 start
> node server.js

Сервер запущен на порту 3001
Полный адрес http://localhost:3001/
Сервер отправляет изображения в /img из: /root/NSTUGamesCatalog/back/img
База данных подключена.
Внешние ключи работают.

> back@1.0.0 start
> node server.js

Сервер запущен на порту 3001
Полный адрес http://localhost:3001/
Сервер отправляет изображения в /img из: /root/NSTUGamesCatalog/back/img
База данных подключена.
Внешние ключи работают.
Пользователь авторизован: { id: 1, role: 'admin', iat: 1747155201, exp: 1747158801 }
Администратор авторизован: 1
Пользователь авторизован: { id: 7, role: 'user', iat: 1747155232, exp: 1747158832 }
Пользователь авторизован: { id: 7, role: 'user', iat: 1747155232, exp: 1747158832 }
Пользователь авторизован: { id: 7, role: 'user', iat: 1747155232, exp: 1747158832 }
Пользователь авторизован: { id: 1, role: 'admin', iat: 1747155201, exp: 1747158801 }
Пользователь авторизован: { id: 1, role: 'admin', iat: 1747155201, exp: 1747158801 }
Администратор авторизован: 1
Пользователь авторизован: { id: 7, role: 'user', iat: 1747155232, exp: 1747158832 }
Пользователь авторизован: { id: 7, role: 'user', iat: 1747155232, exp: 1747158832 }
Пользователь авторизован: { id: 7, role: 'user', iat: 1747155232, exp: 1747158832 }
Пользователь авторизован: { id: 1, role: 'admin', iat: 1747155201, exp: 1747158801 }
Администратор авторизован: 1
Пользователь авторизован: { id: 1, role: 'admin', iat: 1747155201, exp: 1747158801 }
Администратор авторизован: 1
Пользователь авторизован: { id: 1, role: 'admin', iat: 1747155201, exp: 1747158801 }
Пользователь авторизован: { id: 1, role: 'admin', iat: 1747155201, exp: 1747158801 }
Администратор авторизован: 1
Пользователь авторизован: { id: 1, role: 'admin', iat: 1747155201, exp: 1747158801 }
Администратор авторизован: 1
Пользователь авторизован: { id: 1, role: 'admin', iat: 1747155201, exp: 1747158801 }
Пользователь авторизован: { id: 1, role: 'admin', iat: 1747155201, exp: 1747158801 }
Администратор авторизован: 1
Пользователь авторизован: { id: 1, role: 'admin', iat: 1747155201, exp: 1747158801 }
Администратор авторизован: 1

> back@1.0.0 start
> node server.js

Сервер запущен на порту 3001
Полный адрес http://localhost:3001/
Сервер отправляет изображения в /img из: /root/NSTUGamesCatalog/back/img
База данных подключена.
Внешние ключи работают.

> back@1.0.0 start
> node server.js

Сервер запущен на порту 3001
Полный адрес http://localhost:3001/
Сервер отправляет изображения в /img из: /root/NSTUGamesCatalog/back/img
База данных подключена.
Внешние ключи работают.
Пользователь авторизован: { id: 1, role: 'admin', iat: 1747188374, exp: 1747191974 }
Администратор авторизован: 1
Пользователь авторизован: { id: 8, role: 'user', iat: 1747188782, exp: 1747192382 }
Пользователь авторизован: { id: 8, role: 'user', iat: 1747188782, exp: 1747192382 }
Пользователь авторизован: { id: 8, role: 'user', iat: 1747188782, exp: 1747192382 }
Пользователь авторизован: { id: 8, role: 'user', iat: 1747188782, exp: 1747192382 }
Пользователь авторизован: { id: 8, role: 'user', iat: 1747188782, exp: 1747192382 }
Пользователь авторизован: { id: 8, role: 'user', iat: 1747188782, exp: 1747192382 }
Пользователь авторизован: { id: 8, role: 'user', iat: 1747188782, exp: 1747192382 }
Пользователь авторизован: { id: 8, role: 'user', iat: 1747188782, exp: 1747192382 }
Пользователь авторизован: { id: 8, role: 'user', iat: 1747188782, exp: 1747192382 }
Пользователь авторизован: { id: 8, role: 'user', iat: 1747188782, exp: 1747192382 }
Пользователь авторизован: { id: 9, role: 'user', iat: 1747207114, exp: 1747210714 }
Пользователь авторизован: { id: 9, role: 'user', iat: 1747207114, exp: 1747210714 }
Пользователь авторизован: { id: 9, role: 'user', iat: 1747207114, exp: 1747210714 }
Пользователь авторизован: { id: 9, role: 'user', iat: 1747207114, exp: 1747210714 }
Пользователь авторизован: { id: 9, role: 'user', iat: 1747207114, exp: 1747210714 }
Пользователь авторизован: { id: 9, role: 'user', iat: 1747207114, exp: 1747210714 }
Пользователь авторизован: { id: 9, role: 'user', iat: 1747207114, exp: 1747210714 }
Пользователь авторизован: { id: 8, role: 'user', iat: 1747207375, exp: 1747210975 }
Пользователь авторизован: { id: 8, role: 'user', iat: 1747207375, exp: 1747210975 }
Пользователь авторизован: { id: 8, role: 'user', iat: 1747207375, exp: 1747210975 }
Пользователь авторизован: { id: 1, role: 'admin', iat: 1747235171, exp: 1747238771 }
Администратор авторизован: 1
Пользователь авторизован: { id: 1, role: 'admin', iat: 1747235171, exp: 1747238771 }
Администратор авторизован: 1
Пользователь авторизован: { id: 1, role: 'admin', iat: 1747235171, exp: 1747238771 }
Администратор авторизован: 1
Пользователь авторизован: { id: 1, role: 'admin', iat: 1747235171, exp: 1747238771 }
Пользователь авторизован: { id: 1, role: 'admin', iat: 1747281219, exp: 1747284819 }
Администратор авторизован: 1
Пользователь авторизован: { id: 1, role: 'admin', iat: 1747281219, exp: 1747284819 }
Администратор авторизован: 1
Пользователь авторизован: { id: 1, role: 'admin', iat: 1747281219, exp: 1747284819 }
